10/11/2020 14:30:47 ERROR [AWT-EventQueue-0] (ABMUsuarioRol.java:72) — Error 1001: Column 'moo_denominacion' not found.
10/11/2020 14:30:47 ERROR [AWT-EventQueue-0] (ABMUsuarioRol.java:73) — Error 1001: 0
10/11/2020 14:30:47 ERROR [AWT-EventQueue-0] (ABMUsuarioRol.java:74) — Error 1001: java.sql.SQLException: Column 'moo_denominacion' not found.
10/11/2020 14:36:56 ERROR [AWT-EventQueue-0] (ABMUsuarioRol.java:72) — Error 1001: java.sql.SQLException: Column 'moo_denominacion' not found.
10/11/2020 14:36:56 ERROR [AWT-EventQueue-0] (ABMUsuarioRol.java:75) — 	at com.mysql.cj.jdbc.exceptions.SQLError.createSQLException(SQLError.java:129)
10/11/2020 14:36:56 ERROR [AWT-EventQueue-0] (ABMUsuarioRol.java:75) — 	at com.mysql.cj.jdbc.exceptions.SQLError.createSQLException(SQLError.java:97)
10/11/2020 14:36:56 ERROR [AWT-EventQueue-0] (ABMUsuarioRol.java:75) — 	at com.mysql.cj.jdbc.exceptions.SQLError.createSQLException(SQLError.java:89)
10/11/2020 14:36:56 ERROR [AWT-EventQueue-0] (ABMUsuarioRol.java:75) — 	at com.mysql.cj.jdbc.exceptions.SQLError.createSQLException(SQLError.java:63)
10/11/2020 14:36:56 ERROR [AWT-EventQueue-0] (ABMUsuarioRol.java:75) — 	at com.mysql.cj.jdbc.result.ResultSetImpl.findColumn(ResultSetImpl.java:581)
10/11/2020 14:36:56 ERROR [AWT-EventQueue-0] (ABMUsuarioRol.java:75) — 	at com.mysql.cj.jdbc.result.ResultSetImpl.getString(ResultSetImpl.java:967)
10/11/2020 14:36:56 ERROR [AWT-EventQueue-0] (ABMUsuarioRol.java:75) — 	at forms.ABMUsuarioRol.ConsultaModulosUsuario(ABMUsuarioRol.java:61)
10/11/2020 14:36:56 ERROR [AWT-EventQueue-0] (ABMUsuarioRol.java:75) — 	at forms.ABMUsuarioRol.cbUsuarioItemStateChanged(ABMUsuarioRol.java:460)
10/11/2020 14:36:56 ERROR [AWT-EventQueue-0] (ABMUsuarioRol.java:75) — 	at forms.ABMUsuarioRol$8.itemStateChanged(ABMUsuarioRol.java:377)
10/11/2020 14:36:56 ERROR [AWT-EventQueue-0] (ABMUsuarioRol.java:75) — 	at java.desktop/javax.swing.JComboBox.fireItemStateChanged(JComboBox.java:1227)
10/11/2020 14:36:56 ERROR [AWT-EventQueue-0] (ABMUsuarioRol.java:75) — 	at java.desktop/javax.swing.JComboBox.selectedItemChanged(JComboBox.java:1288)
10/11/2020 14:36:56 ERROR [AWT-EventQueue-0] (ABMUsuarioRol.java:75) — 	at java.desktop/javax.swing.JComboBox.contentsChanged(JComboBox.java:1335)
10/11/2020 14:36:56 ERROR [AWT-EventQueue-0] (ABMUsuarioRol.java:75) — 	at java.desktop/javax.swing.AbstractListModel.fireContentsChanged(AbstractListModel.java:123)
10/11/2020 14:36:56 ERROR [AWT-EventQueue-0] (ABMUsuarioRol.java:75) — 	at java.desktop/javax.swing.DefaultComboBoxModel.setSelectedItem(DefaultComboBoxModel.java:94)
10/11/2020 14:36:56 ERROR [AWT-EventQueue-0] (ABMUsuarioRol.java:75) — 	at java.desktop/javax.swing.DefaultComboBoxModel.addElement(DefaultComboBoxModel.java:132)
10/11/2020 14:36:56 ERROR [AWT-EventQueue-0] (ABMUsuarioRol.java:75) — 	at java.desktop/javax.swing.JComboBox.addItem(JComboBox.java:716)
10/11/2020 14:36:56 ERROR [AWT-EventQueue-0] (ABMUsuarioRol.java:75) — 	at utilidades.MetodosCombo.CargarComboBox(MetodosCombo.java:88)
10/11/2020 14:36:56 ERROR [AWT-EventQueue-0] (ABMUsuarioRol.java:75) — 	at forms.ABMUsuarioRol.CargarComboBoxes(ABMUsuarioRol.java:44)
10/11/2020 14:36:56 ERROR [AWT-EventQueue-0] (ABMUsuarioRol.java:75) — 	at forms.ABMUsuarioRol.<init>(ABMUsuarioRol.java:37)
10/11/2020 14:36:56 ERROR [AWT-EventQueue-0] (ABMUsuarioRol.java:75) — 	at principal.Principal.meitRolActionPerformed(Principal.java:780)
10/11/2020 14:36:56 ERROR [AWT-EventQueue-0] (ABMUsuarioRol.java:75) — 	at principal.Principal$24.actionPerformed(Principal.java:657)
10/11/2020 14:36:56 ERROR [AWT-EventQueue-0] (ABMUsuarioRol.java:75) — 	at java.desktop/javax.swing.AbstractButton.fireActionPerformed(AbstractButton.java:1967)
10/11/2020 14:36:56 ERROR [AWT-EventQueue-0] (ABMUsuarioRol.java:75) — 	at java.desktop/javax.swing.AbstractButton$Handler.actionPerformed(AbstractButton.java:2308)
10/11/2020 14:36:56 ERROR [AWT-EventQueue-0] (ABMUsuarioRol.java:75) — 	at java.desktop/javax.swing.DefaultButtonModel.fireActionPerformed(DefaultButtonModel.java:405)
10/11/2020 14:36:56 ERROR [AWT-EventQueue-0] (ABMUsuarioRol.java:75) — 	at java.desktop/javax.swing.DefaultButtonModel.setPressed(DefaultButtonModel.java:262)
10/11/2020 14:36:56 ERROR [AWT-EventQueue-0] (ABMUsuarioRol.java:75) — 	at java.desktop/javax.swing.AbstractButton.doClick(AbstractButton.java:369)
10/11/2020 14:36:56 ERROR [AWT-EventQueue-0] (ABMUsuarioRol.java:75) — 	at java.desktop/javax.swing.plaf.basic.BasicMenuItemUI.doClick(BasicMenuItemUI.java:1020)
10/11/2020 14:36:56 ERROR [AWT-EventQueue-0] (ABMUsuarioRol.java:75) — 	at java.desktop/javax.swing.plaf.basic.BasicMenuItemUI$Handler.mouseReleased(BasicMenuItemUI.java:1064)
10/11/2020 14:36:56 ERROR [AWT-EventQueue-0] (ABMUsuarioRol.java:75) — 	at java.desktop/java.awt.Component.processMouseEvent(Component.java:6636)
10/11/2020 14:36:56 ERROR [AWT-EventQueue-0] (ABMUsuarioRol.java:75) — 	at java.desktop/javax.swing.JComponent.processMouseEvent(JComponent.java:3342)
10/11/2020 14:36:56 ERROR [AWT-EventQueue-0] (ABMUsuarioRol.java:75) — 	at java.desktop/java.awt.Component.processEvent(Component.java:6401)
10/11/2020 14:36:56 ERROR [AWT-EventQueue-0] (ABMUsuarioRol.java:75) — 	at java.desktop/java.awt.Container.processEvent(Container.java:2263)
10/11/2020 14:36:56 ERROR [AWT-EventQueue-0] (ABMUsuarioRol.java:75) — 	at java.desktop/java.awt.Component.dispatchEventImpl(Component.java:5012)
10/11/2020 14:36:56 ERROR [AWT-EventQueue-0] (ABMUsuarioRol.java:75) — 	at java.desktop/java.awt.Container.dispatchEventImpl(Container.java:2321)
10/11/2020 14:36:56 ERROR [AWT-EventQueue-0] (ABMUsuarioRol.java:75) — 	at java.desktop/java.awt.Component.dispatchEvent(Component.java:4844)
10/11/2020 14:36:56 ERROR [AWT-EventQueue-0] (ABMUsuarioRol.java:75) — 	at java.desktop/java.awt.LightweightDispatcher.retargetMouseEvent(Container.java:4919)
10/11/2020 14:36:56 ERROR [AWT-EventQueue-0] (ABMUsuarioRol.java:75) — 	at java.desktop/java.awt.LightweightDispatcher.processMouseEvent(Container.java:4548)
10/11/2020 14:36:56 ERROR [AWT-EventQueue-0] (ABMUsuarioRol.java:75) — 	at java.desktop/java.awt.LightweightDispatcher.dispatchEvent(Container.java:4489)
10/11/2020 14:36:57 ERROR [AWT-EventQueue-0] (ABMUsuarioRol.java:75) — 	at java.desktop/java.awt.Container.dispatchEventImpl(Container.java:2307)
10/11/2020 14:36:57 ERROR [AWT-EventQueue-0] (ABMUsuarioRol.java:75) — 	at java.desktop/java.awt.Window.dispatchEventImpl(Window.java:2764)
10/11/2020 14:36:57 ERROR [AWT-EventQueue-0] (ABMUsuarioRol.java:75) — 	at java.desktop/java.awt.Component.dispatchEvent(Component.java:4844)
10/11/2020 14:36:57 ERROR [AWT-EventQueue-0] (ABMUsuarioRol.java:75) — 	at java.desktop/java.awt.EventQueue.dispatchEventImpl(EventQueue.java:772)
10/11/2020 14:36:57 ERROR [AWT-EventQueue-0] (ABMUsuarioRol.java:75) — 	at java.desktop/java.awt.EventQueue$4.run(EventQueue.java:721)
10/11/2020 14:36:57 ERROR [AWT-EventQueue-0] (ABMUsuarioRol.java:75) — 	at java.desktop/java.awt.EventQueue$4.run(EventQueue.java:715)
10/11/2020 14:36:57 ERROR [AWT-EventQueue-0] (ABMUsuarioRol.java:75) — 	at java.base/java.security.AccessController.doPrivileged(AccessController.java:391)
10/11/2020 14:36:57 ERROR [AWT-EventQueue-0] (ABMUsuarioRol.java:75) — 	at java.base/java.security.ProtectionDomain$JavaSecurityAccessImpl.doIntersectionPrivilege(ProtectionDomain.java:85)
10/11/2020 14:36:57 ERROR [AWT-EventQueue-0] (ABMUsuarioRol.java:75) — 	at java.base/java.security.ProtectionDomain$JavaSecurityAccessImpl.doIntersectionPrivilege(ProtectionDomain.java:95)
10/11/2020 14:36:57 ERROR [AWT-EventQueue-0] (ABMUsuarioRol.java:75) — 	at java.desktop/java.awt.EventQueue$5.run(EventQueue.java:745)
10/11/2020 14:36:57 ERROR [AWT-EventQueue-0] (ABMUsuarioRol.java:75) — 	at java.desktop/java.awt.EventQueue$5.run(EventQueue.java:743)
10/11/2020 14:36:57 ERROR [AWT-EventQueue-0] (ABMUsuarioRol.java:75) — 	at java.base/java.security.AccessController.doPrivileged(AccessController.java:391)
10/11/2020 14:36:57 ERROR [AWT-EventQueue-0] (ABMUsuarioRol.java:75) — 	at java.base/java.security.ProtectionDomain$JavaSecurityAccessImpl.doIntersectionPrivilege(ProtectionDomain.java:85)
10/11/2020 14:36:57 ERROR [AWT-EventQueue-0] (ABMUsuarioRol.java:75) — 	at java.desktop/java.awt.EventQueue.dispatchEvent(EventQueue.java:742)
10/11/2020 14:36:57 ERROR [AWT-EventQueue-0] (ABMUsuarioRol.java:75) — 	at java.desktop/java.awt.EventDispatchThread.pumpOneEventForFilters(EventDispatchThread.java:203)
10/11/2020 14:36:57 ERROR [AWT-EventQueue-0] (ABMUsuarioRol.java:75) — 	at java.desktop/java.awt.EventDispatchThread.pumpEventsForFilter(EventDispatchThread.java:124)
10/11/2020 14:36:57 ERROR [AWT-EventQueue-0] (ABMUsuarioRol.java:75) — 	at java.desktop/java.awt.EventDispatchThread.pumpEventsForHierarchy(EventDispatchThread.java:113)
10/11/2020 14:36:57 ERROR [AWT-EventQueue-0] (ABMUsuarioRol.java:75) — 	at java.desktop/java.awt.EventDispatchThread.pumpEvents(EventDispatchThread.java:109)
10/11/2020 14:36:57 ERROR [AWT-EventQueue-0] (ABMUsuarioRol.java:75) — 	at java.desktop/java.awt.EventDispatchThread.pumpEvents(EventDispatchThread.java:101)
10/11/2020 14:36:57 ERROR [AWT-EventQueue-0] (ABMUsuarioRol.java:75) — 	at java.desktop/java.awt.EventDispatchThread.run(EventDispatchThread.java:90)
10/11/2020 14:36:58 ERROR [AWT-EventQueue-0] (ABMUsuarioRol.java:72) — Error 1001: java.sql.SQLException: Column 'moo_denominacion' not found.
10/11/2020 14:36:58 ERROR [AWT-EventQueue-0] (ABMUsuarioRol.java:75) — 	at com.mysql.cj.jdbc.exceptions.SQLError.createSQLException(SQLError.java:129)
10/11/2020 14:36:58 ERROR [AWT-EventQueue-0] (ABMUsuarioRol.java:75) — 	at com.mysql.cj.jdbc.exceptions.SQLError.createSQLException(SQLError.java:97)
10/11/2020 14:36:58 ERROR [AWT-EventQueue-0] (ABMUsuarioRol.java:75) — 	at com.mysql.cj.jdbc.exceptions.SQLError.createSQLException(SQLError.java:89)
10/11/2020 14:36:58 ERROR [AWT-EventQueue-0] (ABMUsuarioRol.java:75) — 	at com.mysql.cj.jdbc.exceptions.SQLError.createSQLException(SQLError.java:63)
10/11/2020 14:36:58 ERROR [AWT-EventQueue-0] (ABMUsuarioRol.java:75) — 	at com.mysql.cj.jdbc.result.ResultSetImpl.findColumn(ResultSetImpl.java:581)
10/11/2020 14:36:58 ERROR [AWT-EventQueue-0] (ABMUsuarioRol.java:75) — 	at com.mysql.cj.jdbc.result.ResultSetImpl.getString(ResultSetImpl.java:967)
10/11/2020 14:36:58 ERROR [AWT-EventQueue-0] (ABMUsuarioRol.java:75) — 	at forms.ABMUsuarioRol.ConsultaModulosUsuario(ABMUsuarioRol.java:61)
10/11/2020 14:36:58 ERROR [AWT-EventQueue-0] (ABMUsuarioRol.java:75) — 	at forms.ABMUsuarioRol.cbUsuarioItemStateChanged(ABMUsuarioRol.java:460)
10/11/2020 14:36:58 ERROR [AWT-EventQueue-0] (ABMUsuarioRol.java:75) — 	at forms.ABMUsuarioRol$8.itemStateChanged(ABMUsuarioRol.java:377)
10/11/2020 14:36:58 ERROR [AWT-EventQueue-0] (ABMUsuarioRol.java:75) — 	at java.desktop/javax.swing.JComboBox.fireItemStateChanged(JComboBox.java:1227)
10/11/2020 14:36:58 ERROR [AWT-EventQueue-0] (ABMUsuarioRol.java:75) — 	at java.desktop/javax.swing.JComboBox.selectedItemChanged(JComboBox.java:1288)
10/11/2020 14:36:58 ERROR [AWT-EventQueue-0] (ABMUsuarioRol.java:75) — 	at java.desktop/javax.swing.JComboBox.contentsChanged(JComboBox.java:1335)
10/11/2020 14:36:58 ERROR [AWT-EventQueue-0] (ABMUsuarioRol.java:75) — 	at java.desktop/javax.swing.AbstractListModel.fireContentsChanged(AbstractListModel.java:123)
10/11/2020 14:36:58 ERROR [AWT-EventQueue-0] (ABMUsuarioRol.java:75) — 	at java.desktop/javax.swing.DefaultComboBoxModel.setSelectedItem(DefaultComboBoxModel.java:94)
10/11/2020 14:36:58 ERROR [AWT-EventQueue-0] (ABMUsuarioRol.java:75) — 	at java.desktop/javax.swing.JComboBox.setSelectedItem(JComboBox.java:579)
10/11/2020 14:36:58 ERROR [AWT-EventQueue-0] (ABMUsuarioRol.java:75) — 	at java.desktop/javax.swing.JComboBox.setSelectedIndex(JComboBox.java:624)
10/11/2020 14:36:58 ERROR [AWT-EventQueue-0] (ABMUsuarioRol.java:75) — 	at java.desktop/javax.swing.plaf.basic.BasicComboPopup$Handler.mouseReleased(BasicComboPopup.java:907)
10/11/2020 14:36:58 ERROR [AWT-EventQueue-0] (ABMUsuarioRol.java:75) — 	at java.desktop/java.awt.AWTEventMulticaster.mouseReleased(AWTEventMulticaster.java:298)
10/11/2020 14:36:58 ERROR [AWT-EventQueue-0] (ABMUsuarioRol.java:75) — 	at java.desktop/java.awt.Component.processMouseEvent(Component.java:6636)
10/11/2020 14:36:58 ERROR [AWT-EventQueue-0] (ABMUsuarioRol.java:75) — 	at java.desktop/javax.swing.JComponent.processMouseEvent(JComponent.java:3342)
10/11/2020 14:36:58 ERROR [AWT-EventQueue-0] (ABMUsuarioRol.java:75) — 	at java.desktop/javax.swing.plaf.basic.BasicComboPopup$1.processMouseEvent(BasicComboPopup.java:551)
10/11/2020 14:36:58 ERROR [AWT-EventQueue-0] (ABMUsuarioRol.java:75) — 	at java.desktop/java.awt.Component.processEvent(Component.java:6401)
10/11/2020 14:36:58 ERROR [AWT-EventQueue-0] (ABMUsuarioRol.java:75) — 	at java.desktop/java.awt.Container.processEvent(Container.java:2263)
10/11/2020 14:36:58 ERROR [AWT-EventQueue-0] (ABMUsuarioRol.java:75) — 	at java.desktop/java.awt.Component.dispatchEventImpl(Component.java:5012)
10/11/2020 14:36:58 ERROR [AWT-EventQueue-0] (ABMUsuarioRol.java:75) — 	at java.desktop/java.awt.Container.dispatchEventImpl(Container.java:2321)
10/11/2020 14:36:58 ERROR [AWT-EventQueue-0] (ABMUsuarioRol.java:75) — 	at java.desktop/java.awt.Component.dispatchEvent(Component.java:4844)
10/11/2020 14:36:58 ERROR [AWT-EventQueue-0] (ABMUsuarioRol.java:75) — 	at java.desktop/java.awt.LightweightDispatcher.retargetMouseEvent(Container.java:4919)
10/11/2020 14:36:58 ERROR [AWT-EventQueue-0] (ABMUsuarioRol.java:75) — 	at java.desktop/java.awt.LightweightDispatcher.processMouseEvent(Container.java:4548)
10/11/2020 14:36:58 ERROR [AWT-EventQueue-0] (ABMUsuarioRol.java:75) — 	at java.desktop/java.awt.LightweightDispatcher.dispatchEvent(Container.java:4489)
10/11/2020 14:36:58 ERROR [AWT-EventQueue-0] (ABMUsuarioRol.java:75) — 	at java.desktop/java.awt.Container.dispatchEventImpl(Container.java:2307)
10/11/2020 14:36:58 ERROR [AWT-EventQueue-0] (ABMUsuarioRol.java:75) — 	at java.desktop/java.awt.Window.dispatchEventImpl(Window.java:2764)
10/11/2020 14:36:58 ERROR [AWT-EventQueue-0] (ABMUsuarioRol.java:75) — 	at java.desktop/java.awt.Component.dispatchEvent(Component.java:4844)
10/11/2020 14:36:58 ERROR [AWT-EventQueue-0] (ABMUsuarioRol.java:75) — 	at java.desktop/java.awt.EventQueue.dispatchEventImpl(EventQueue.java:772)
10/11/2020 14:36:58 ERROR [AWT-EventQueue-0] (ABMUsuarioRol.java:75) — 	at java.desktop/java.awt.EventQueue$4.run(EventQueue.java:721)
10/11/2020 14:36:58 ERROR [AWT-EventQueue-0] (ABMUsuarioRol.java:75) — 	at java.desktop/java.awt.EventQueue$4.run(EventQueue.java:715)
10/11/2020 14:36:58 ERROR [AWT-EventQueue-0] (ABMUsuarioRol.java:75) — 	at java.base/java.security.AccessController.doPrivileged(AccessController.java:391)
10/11/2020 14:36:58 ERROR [AWT-EventQueue-0] (ABMUsuarioRol.java:75) — 	at java.base/java.security.ProtectionDomain$JavaSecurityAccessImpl.doIntersectionPrivilege(ProtectionDomain.java:85)
10/11/2020 14:36:58 ERROR [AWT-EventQueue-0] (ABMUsuarioRol.java:75) — 	at java.base/java.security.ProtectionDomain$JavaSecurityAccessImpl.doIntersectionPrivilege(ProtectionDomain.java:95)
10/11/2020 14:36:58 ERROR [AWT-EventQueue-0] (ABMUsuarioRol.java:75) — 	at java.desktop/java.awt.EventQueue$5.run(EventQueue.java:745)
10/11/2020 14:36:58 ERROR [AWT-EventQueue-0] (ABMUsuarioRol.java:75) — 	at java.desktop/java.awt.EventQueue$5.run(EventQueue.java:743)
10/11/2020 14:36:58 ERROR [AWT-EventQueue-0] (ABMUsuarioRol.java:75) — 	at java.base/java.security.AccessController.doPrivileged(AccessController.java:391)
10/11/2020 14:36:58 ERROR [AWT-EventQueue-0] (ABMUsuarioRol.java:75) — 	at java.base/java.security.ProtectionDomain$JavaSecurityAccessImpl.doIntersectionPrivilege(ProtectionDomain.java:85)
10/11/2020 14:36:58 ERROR [AWT-EventQueue-0] (ABMUsuarioRol.java:75) — 	at java.desktop/java.awt.EventQueue.dispatchEvent(EventQueue.java:742)
10/11/2020 14:36:58 ERROR [AWT-EventQueue-0] (ABMUsuarioRol.java:75) — 	at java.desktop/java.awt.EventDispatchThread.pumpOneEventForFilters(EventDispatchThread.java:203)
10/11/2020 14:36:58 ERROR [AWT-EventQueue-0] (ABMUsuarioRol.java:75) — 	at java.desktop/java.awt.EventDispatchThread.pumpEventsForFilter(EventDispatchThread.java:124)
10/11/2020 14:36:58 ERROR [AWT-EventQueue-0] (ABMUsuarioRol.java:75) — 	at java.desktop/java.awt.EventDispatchThread.pumpEventsForFilter(EventDispatchThread.java:117)
10/11/2020 14:36:58 ERROR [AWT-EventQueue-0] (ABMUsuarioRol.java:75) — 	at java.desktop/java.awt.WaitDispatchSupport$2.run(WaitDispatchSupport.java:190)
10/11/2020 14:36:58 ERROR [AWT-EventQueue-0] (ABMUsuarioRol.java:75) — 	at java.desktop/java.awt.WaitDispatchSupport$4.run(WaitDispatchSupport.java:235)
10/11/2020 14:36:58 ERROR [AWT-EventQueue-0] (ABMUsuarioRol.java:75) — 	at java.desktop/java.awt.WaitDispatchSupport$4.run(WaitDispatchSupport.java:233)
10/11/2020 14:36:58 ERROR [AWT-EventQueue-0] (ABMUsuarioRol.java:75) — 	at java.base/java.security.AccessController.doPrivileged(AccessController.java:312)
10/11/2020 14:36:58 ERROR [AWT-EventQueue-0] (ABMUsuarioRol.java:75) — 	at java.desktop/java.awt.WaitDispatchSupport.enter(WaitDispatchSupport.java:233)
10/11/2020 14:36:58 ERROR [AWT-EventQueue-0] (ABMUsuarioRol.java:75) — 	at java.desktop/java.awt.Dialog.show(Dialog.java:1070)
10/11/2020 14:36:58 ERROR [AWT-EventQueue-0] (ABMUsuarioRol.java:75) — 	at java.desktop/java.awt.Component.show(Component.java:1717)
10/11/2020 14:36:58 ERROR [AWT-EventQueue-0] (ABMUsuarioRol.java:75) — 	at java.desktop/java.awt.Component.setVisible(Component.java:1664)
10/11/2020 14:36:58 ERROR [AWT-EventQueue-0] (ABMUsuarioRol.java:75) — 	at java.desktop/java.awt.Window.setVisible(Window.java:1023)
10/11/2020 14:36:58 ERROR [AWT-EventQueue-0] (ABMUsuarioRol.java:75) — 	at java.desktop/java.awt.Dialog.setVisible(Dialog.java:1005)
10/11/2020 14:36:58 ERROR [AWT-EventQueue-0] (ABMUsuarioRol.java:75) — 	at principal.Principal.meitRolActionPerformed(Principal.java:782)
10/11/2020 14:36:58 ERROR [AWT-EventQueue-0] (ABMUsuarioRol.java:75) — 	at principal.Principal$24.actionPerformed(Principal.java:657)
10/11/2020 14:36:58 ERROR [AWT-EventQueue-0] (ABMUsuarioRol.java:75) — 	at java.desktop/javax.swing.AbstractButton.fireActionPerformed(AbstractButton.java:1967)
10/11/2020 14:36:58 ERROR [AWT-EventQueue-0] (ABMUsuarioRol.java:75) — 	at java.desktop/javax.swing.AbstractButton$Handler.actionPerformed(AbstractButton.java:2308)
10/11/2020 14:36:58 ERROR [AWT-EventQueue-0] (ABMUsuarioRol.java:75) — 	at java.desktop/javax.swing.DefaultButtonModel.fireActionPerformed(DefaultButtonModel.java:405)
10/11/2020 14:36:58 ERROR [AWT-EventQueue-0] (ABMUsuarioRol.java:75) — 	at java.desktop/javax.swing.DefaultButtonModel.setPressed(DefaultButtonModel.java:262)
10/11/2020 14:36:58 ERROR [AWT-EventQueue-0] (ABMUsuarioRol.java:75) — 	at java.desktop/javax.swing.AbstractButton.doClick(AbstractButton.java:369)
10/11/2020 14:36:58 ERROR [AWT-EventQueue-0] (ABMUsuarioRol.java:75) — 	at java.desktop/javax.swing.plaf.basic.BasicMenuItemUI.doClick(BasicMenuItemUI.java:1020)
10/11/2020 14:36:58 ERROR [AWT-EventQueue-0] (ABMUsuarioRol.java:75) — 	at java.desktop/javax.swing.plaf.basic.BasicMenuItemUI$Handler.mouseReleased(BasicMenuItemUI.java:1064)
10/11/2020 14:36:58 ERROR [AWT-EventQueue-0] (ABMUsuarioRol.java:75) — 	at java.desktop/java.awt.Component.processMouseEvent(Component.java:6636)
10/11/2020 14:36:58 ERROR [AWT-EventQueue-0] (ABMUsuarioRol.java:75) — 	at java.desktop/javax.swing.JComponent.processMouseEvent(JComponent.java:3342)
10/11/2020 14:36:58 ERROR [AWT-EventQueue-0] (ABMUsuarioRol.java:75) — 	at java.desktop/java.awt.Component.processEvent(Component.java:6401)
10/11/2020 14:36:58 ERROR [AWT-EventQueue-0] (ABMUsuarioRol.java:75) — 	at java.desktop/java.awt.Container.processEvent(Container.java:2263)
10/11/2020 14:36:58 ERROR [AWT-EventQueue-0] (ABMUsuarioRol.java:75) — 	at java.desktop/java.awt.Component.dispatchEventImpl(Component.java:5012)
10/11/2020 14:36:58 ERROR [AWT-EventQueue-0] (ABMUsuarioRol.java:75) — 	at java.desktop/java.awt.Container.dispatchEventImpl(Container.java:2321)
10/11/2020 14:36:58 ERROR [AWT-EventQueue-0] (ABMUsuarioRol.java:75) — 	at java.desktop/java.awt.Component.dispatchEvent(Component.java:4844)
10/11/2020 14:36:58 ERROR [AWT-EventQueue-0] (ABMUsuarioRol.java:75) — 	at java.desktop/java.awt.LightweightDispatcher.retargetMouseEvent(Container.java:4919)
10/11/2020 14:36:58 ERROR [AWT-EventQueue-0] (ABMUsuarioRol.java:75) — 	at java.desktop/java.awt.LightweightDispatcher.processMouseEvent(Container.java:4548)
10/11/2020 14:36:58 ERROR [AWT-EventQueue-0] (ABMUsuarioRol.java:75) — 	at java.desktop/java.awt.LightweightDispatcher.dispatchEvent(Container.java:4489)
10/11/2020 14:36:58 ERROR [AWT-EventQueue-0] (ABMUsuarioRol.java:75) — 	at java.desktop/java.awt.Container.dispatchEventImpl(Container.java:2307)
10/11/2020 14:36:58 ERROR [AWT-EventQueue-0] (ABMUsuarioRol.java:75) — 	at java.desktop/java.awt.Window.dispatchEventImpl(Window.java:2764)
10/11/2020 14:36:58 ERROR [AWT-EventQueue-0] (ABMUsuarioRol.java:75) — 	at java.desktop/java.awt.Component.dispatchEvent(Component.java:4844)
10/11/2020 14:36:58 ERROR [AWT-EventQueue-0] (ABMUsuarioRol.java:75) — 	at java.desktop/java.awt.EventQueue.dispatchEventImpl(EventQueue.java:772)
10/11/2020 14:36:58 ERROR [AWT-EventQueue-0] (ABMUsuarioRol.java:75) — 	at java.desktop/java.awt.EventQueue$4.run(EventQueue.java:721)
10/11/2020 14:36:58 ERROR [AWT-EventQueue-0] (ABMUsuarioRol.java:75) — 	at java.desktop/java.awt.EventQueue$4.run(EventQueue.java:715)
10/11/2020 14:36:58 ERROR [AWT-EventQueue-0] (ABMUsuarioRol.java:75) — 	at java.base/java.security.AccessController.doPrivileged(AccessController.java:391)
10/11/2020 14:36:58 ERROR [AWT-EventQueue-0] (ABMUsuarioRol.java:75) — 	at java.base/java.security.ProtectionDomain$JavaSecurityAccessImpl.doIntersectionPrivilege(ProtectionDomain.java:85)
10/11/2020 14:36:58 ERROR [AWT-EventQueue-0] (ABMUsuarioRol.java:75) — 	at java.base/java.security.ProtectionDomain$JavaSecurityAccessImpl.doIntersectionPrivilege(ProtectionDomain.java:95)
10/11/2020 14:36:58 ERROR [AWT-EventQueue-0] (ABMUsuarioRol.java:75) — 	at java.desktop/java.awt.EventQueue$5.run(EventQueue.java:745)
10/11/2020 14:36:58 ERROR [AWT-EventQueue-0] (ABMUsuarioRol.java:75) — 	at java.desktop/java.awt.EventQueue$5.run(EventQueue.java:743)
10/11/2020 14:36:58 ERROR [AWT-EventQueue-0] (ABMUsuarioRol.java:75) — 	at java.base/java.security.AccessController.doPrivileged(AccessController.java:391)
10/11/2020 14:36:58 ERROR [AWT-EventQueue-0] (ABMUsuarioRol.java:75) — 	at java.base/java.security.ProtectionDomain$JavaSecurityAccessImpl.doIntersectionPrivilege(ProtectionDomain.java:85)
10/11/2020 14:36:58 ERROR [AWT-EventQueue-0] (ABMUsuarioRol.java:75) — 	at java.desktop/java.awt.EventQueue.dispatchEvent(EventQueue.java:742)
10/11/2020 14:36:58 ERROR [AWT-EventQueue-0] (ABMUsuarioRol.java:75) — 	at java.desktop/java.awt.EventDispatchThread.pumpOneEventForFilters(EventDispatchThread.java:203)
10/11/2020 14:36:58 ERROR [AWT-EventQueue-0] (ABMUsuarioRol.java:75) — 	at java.desktop/java.awt.EventDispatchThread.pumpEventsForFilter(EventDispatchThread.java:124)
10/11/2020 14:36:58 ERROR [AWT-EventQueue-0] (ABMUsuarioRol.java:75) — 	at java.desktop/java.awt.EventDispatchThread.pumpEventsForHierarchy(EventDispatchThread.java:113)
10/11/2020 14:36:58 ERROR [AWT-EventQueue-0] (ABMUsuarioRol.java:75) — 	at java.desktop/java.awt.EventDispatchThread.pumpEvents(EventDispatchThread.java:109)
10/11/2020 14:36:58 ERROR [AWT-EventQueue-0] (ABMUsuarioRol.java:75) — 	at java.desktop/java.awt.EventDispatchThread.pumpEvents(EventDispatchThread.java:101)
10/11/2020 14:36:58 ERROR [AWT-EventQueue-0] (ABMUsuarioRol.java:75) — 	at java.desktop/java.awt.EventDispatchThread.run(EventDispatchThread.java:90)
10/11/2020 17:03:14 ERROR [AWT-EventQueue-0] (MetodosCombo.java:138) — ObtenerIdCombo: No se selecciono ningun item en el combo: java.lang.NullPointerException
10/11/2020 17:03:14 ERROR [AWT-EventQueue-0] (MetodosCombo.java:138) — ObtenerIdCombo: No se selecciono ningun item en el combo: java.lang.NullPointerException
10/11/2020 17:03:14 ERROR [AWT-EventQueue-0] (MetodosCombo.java:138) — ObtenerIdCombo: No se selecciono ningun item en el combo: java.lang.NullPointerException
10/11/2020 17:03:14 ERROR [AWT-EventQueue-0] (MetodosCombo.java:138) — ObtenerIdCombo: No se selecciono ningun item en el combo: java.lang.NullPointerException
10/11/2020 17:03:14 ERROR [AWT-EventQueue-0] (MetodosCombo.java:138) — ObtenerIdCombo: No se selecciono ningun item en el combo: java.lang.NullPointerException
10/11/2020 17:03:14 ERROR [AWT-EventQueue-0] (MetodosCombo.java:138) — ObtenerIdCombo: No se selecciono ningun item en el combo: java.lang.NullPointerException
10/11/2020 17:03:14 ERROR [AWT-EventQueue-0] (MetodosCombo.java:138) — ObtenerIdCombo: No se selecciono ningun item en el combo: java.lang.NullPointerException
10/11/2020 17:03:14 ERROR [AWT-EventQueue-0] (MetodosCombo.java:138) — ObtenerIdCombo: No se selecciono ningun item en el combo: java.lang.NullPointerException
10/11/2020 17:03:14 ERROR [AWT-EventQueue-0] (MetodosCombo.java:138) — ObtenerIdCombo: No se selecciono ningun item en el combo: java.lang.NullPointerException
10/11/2020 17:03:14 ERROR [AWT-EventQueue-0] (MetodosCombo.java:138) — ObtenerIdCombo: No se selecciono ningun item en el combo: java.lang.NullPointerException
10/11/2020 23:27:50 ERROR [AWT-EventQueue-0] (MetodosCombo.java:138) — ObtenerIdCombo: No se selecciono ningun item en el combo: java.lang.NullPointerException
10/11/2020 23:27:50 ERROR [AWT-EventQueue-0] (MetodosCombo.java:138) — ObtenerIdCombo: No se selecciono ningun item en el combo: java.lang.NullPointerException
10/11/2020 23:27:50 ERROR [AWT-EventQueue-0] (MetodosCombo.java:138) — ObtenerIdCombo: No se selecciono ningun item en el combo: java.lang.NullPointerException
10/11/2020 23:27:50 ERROR [AWT-EventQueue-0] (MetodosCombo.java:138) — ObtenerIdCombo: No se selecciono ningun item en el combo: java.lang.NullPointerException
10/11/2020 23:27:51 ERROR [AWT-EventQueue-0] (MetodosCombo.java:138) — ObtenerIdCombo: No se selecciono ningun item en el combo: java.lang.NullPointerException
10/11/2020 23:27:51 ERROR [AWT-EventQueue-0] (MetodosCombo.java:138) — ObtenerIdCombo: No se selecciono ningun item en el combo: java.lang.NullPointerException
10/11/2020 23:27:51 ERROR [AWT-EventQueue-0] (MetodosCombo.java:138) — ObtenerIdCombo: No se selecciono ningun item en el combo: java.lang.NullPointerException
10/11/2020 23:27:51 ERROR [AWT-EventQueue-0] (MetodosCombo.java:138) — ObtenerIdCombo: No se selecciono ningun item en el combo: java.lang.NullPointerException
10/11/2020 23:27:51 ERROR [AWT-EventQueue-0] (MetodosCombo.java:138) — ObtenerIdCombo: No se selecciono ningun item en el combo: java.lang.NullPointerException
10/11/2020 23:27:51 ERROR [AWT-EventQueue-0] (MetodosCombo.java:138) — ObtenerIdCombo: No se selecciono ningun item en el combo: java.lang.NullPointerException
